#
# A fatal error has been detected by the Java Runtime Environment:
#
#  EXCEPTION_ACCESS_VIOLATION (0xc0000005) at pc=0x00007ffbb0e1faa5, pid=7636, tid=3684
#
# JRE version: OpenJDK Runtime Environment (15.0.2+7) (build 15.0.2+7-27)
# Java VM: OpenJDK 64-Bit Server VM (15.0.2+7-27, mixed mode, tiered, compressed oops, g1 gc, windows-amd64)
# Problematic frame:
# V  [jvm.dll+0x2ffaa5]
#
# No core dump will be written. Minidumps are not enabled by default on client versions of Windows
#
# If you would like to submit a bug report, please visit:
#   https://bugreport.java.com/bugreport/crash.jsp
#

---------------  S U M M A R Y ------------

Command Line: -Djava.net.preferIPv4Stack=true -XX:+ShowCodeDetailsInExceptionMessages -agentlib:jdwp=transport=dt_socket,suspend=y,address=localhost:53735 -Dcom.sun.management.jmxremote -Dcom.sun.management.jmxremote.port=53733 -Dcom.sun.management.jmxremote.authenticate=false -Dcom.sun.management.jmxremote.ssl=false -Djava.rmi.server.hostname=localhost -Dspring.jmx.enabled=true -Dspring.application.admin.enabled=true -XX:TieredStopAtLevel=1 -Dspring.boot.project.name=Board -javaagent:C:\Users\TOM\Desktop\sts-4.10.0.RELEASE\configuration\org.eclipse.osgi\254\0\.cp\lib\javaagent-shaded.jar -Dfile.encoding=UTF-8 com.board.BoardApplication --spring.output.ansi.enabled=always

Host: Intel(R) Core(TM) i7-10700 CPU @ 2.90GHz, 4 cores, 7G,  Windows 10 , 64 bit Build 19041 (10.0.19041.1202)
Time: Fri Nov  5 16:49:24 2021 대한민국 표준시 elapsed time: 310.322418 seconds (0d 0h 5m 10s)

---------------  T H R E A D  ---------------

Current thread (0x0000015ff4c40010):  JavaThread "JDWP Transport Listener: dt_socket" daemon [_thread_in_vm, id=3684, stack(0x0000004707f00000,0x0000004708000000)] _threads_hazard_ptr=0x0000015ff5980fd0

Stack: [0x0000004707f00000,0x0000004708000000],  sp=0x0000004707ffebe0,  free space=1018k
Native frames: (J=compiled Java code, j=interpreted, Vv=VM code, C=native code)
V  [jvm.dll+0x2ffaa5]
V  [jvm.dll+0x301fc2]
V  [jvm.dll+0x3026ce]
V  [jvm.dll+0x2ffd7f]
V  [jvm.dll+0x2ff02a]
V  [jvm.dll+0x619ec0]
V  [jvm.dll+0x619ba3]
V  [jvm.dll+0x5df278]
V  [jvm.dll+0x77876f]
V  [jvm.dll+0x4f02e1]
V  [jvm.dll+0x7882b5]
V  [jvm.dll+0x4d40ea]
V  [jvm.dll+0x49526b]
C  [jdwp.dll+0x796b]


siginfo: EXCEPTION_ACCESS_VIOLATION (0xc0000005), reading address 0x0000000000000006


Register to memory mapping:

RIP=0x00007ffbb0e1faa5 jvm.dll
RAX=0x0 is NULL
RBX=0x0000004707ffee80 is pointing into the stack for thread: 0x0000015ff4c40010
RCX=0x0 is NULL
RDX=0x0 is NULL
RSP=0x0000004707ffebe0 is pointing into the stack for thread: 0x0000015ff4c40010
RBP=0x0000000000000001 is an unknown value
RSI=0x0000000000000001 is an unknown value
RDI=0x0000015ffbdc6730 is pointing into metadata
R8 =0x0 is NULL
R9 =0x0000015ffbdc6730 is pointing into metadata
R10=0x0000015ff59e8010 points into unknown readable memory: 0x4700000147000000 | 00 00 00 47 01 00 00 47
R11=0x0000015ff59e7fe0 points into unknown readable memory: 0x4700000147000000 | 00 00 00 47 01 00 00 47
R12=0x00007ffbb0b20000 jvm.dll
R13=0x0000015ff59e7fb0 points into unknown readable memory: 0x00000000f59e7f00 | 00 7f 9e f5 00 00 00 00
R14=0x0 is NULL
R15=0x0000000000000018 is an unknown value


Registers:
RAX=0x0000000000000000, RBX=0x0000004707ffee80, RCX=0x0000000000000000, RDX=0x0000000000000000
RSP=0x0000004707ffebe0, RBP=0x0000000000000001, RSI=0x0000000000000001, RDI=0x0000015ffbdc6730
R8 =0x0000000000000000, R9 =0x0000015ffbdc6730, R10=0x0000015ff59e8010, R11=0x0000015ff59e7fe0
R12=0x00007ffbb0b20000, R13=0x0000015ff59e7fb0, R14=0x0000000000000000, R15=0x0000000000000018
RIP=0x00007ffbb0e1faa5, EFLAGS=0x0000000000010206

Top of Stack: (sp=0x0000004707ffebe0)
0x0000004707ffebe0:   0000004707ffec50 00007ffbb0c29d9e
0x0000004707ffebf0:   0000004707ffec50 00007ffbb0c220be
0x0000004707ffec00:   0000015ffbdc5680 0000000000000000
0x0000004707ffec10:   0000004707ffee80 00007ffbb0e20793
0x0000004707ffec20:   00008604a455cd35 00007ffbb0e2321c
0x0000004707ffec30:   0000000000000000 0000000000000000
0x0000004707ffec40:   0000004707ffee80 00007ffbb0e21fc2
0x0000004707ffec50:   0000015ffbdc5680 0000004707ffecf0
0x0000004707ffec60:   0000000000000001 00007ffbb0c29d9e
0x0000004707ffec70:   0000004700000000 0000000000000000
0x0000004707ffec80:   00000000000003d8 0000004707ffecf0
0x0000004707ffec90:   0000000000000000 00007ffbb0b2c1a6
0x0000004707ffeca0:   0000015ffbdc5680 0000004707ffee80
0x0000004707ffecb0:   0000000000000018 0000000000000000
0x0000004707ffecc0:   0000004707ffee80 00007ffbb0e226ce
0x0000004707ffecd0:   0000004707ffed20 0000000000000000 

Instructions: (pc=0x00007ffbb0e1faa5)
0x00007ffbb0e1f9a5:   42 8b 1c 81 4e 8d 34 81 8b 75 58 41 81 e0 ff ff
0x00007ffbb0e1f9b5:   ff 00 41 81 c8 00 00 00 47 48 8b cd 45 89 06 c7
0x00007ffbb0e1f9c5:   45 58 01 00 00 00 e8 80 38 00 00 66 83 7c 24 68
0x00007ffbb0e1f9d5:   00 41 89 1e 89 75 58 74 40 8b 4c 24 70 49 ff c7
0x00007ffbb0e1f9e5:   0f b7 c1 48 83 c7 08 4c 3b f8 0f 8c 4b ff ff ff
0x00007ffbb0e1f9f5:   83 7d 5c 00 74 23 48 83 3d 8d 34 78 00 00 74 15
0x00007ffbb0e1fa05:   80 7d 42 00 74 0f 48 8d 15 86 f5 58 00 48 8b cd
0x00007ffbb0e1fa15:   e8 a6 42 00 00 c6 45 42 00 4c 8b 74 24 28 4c 8b
0x00007ffbb0e1fa25:   6c 24 30 4c 8b 64 24 38 48 8b 7c 24 40 48 8b 74
0x00007ffbb0e1fa35:   24 48 48 8b 5c 24 60 4c 8b 7c 24 20 48 83 c4 50
0x00007ffbb0e1fa45:   5d c3 cc cc cc cc cc cc cc cc cc 48 89 5c 24 10
0x00007ffbb0e1fa55:   48 89 6c 24 18 56 57 41 56 48 83 ec 50 48 8b 05
0x00007ffbb0e1fa65:   af 03 73 00 48 33 c4 48 89 44 24 40 48 8b 41 08
0x00007ffbb0e1fa75:   48 8b d9 41 8b e8 8b f2 45 33 c0 41 8b d1 48 8b
0x00007ffbb0e1fa85:   48 08 48 8b 79 08 48 8b cf e8 6d ee f0 ff 8b d0
0x00007ffbb0e1fa95:   48 8b cf e8 23 19 f1 ff 48 63 c8 48 8b 44 cf 48
0x00007ffbb0e1faa5:   0f be 48 06 e8 22 7c 3a 00 8b 0d d0 32 78 00 48
0x00007ffbb0e1fab5:   8d 3d cd 32 78 00 8d 50 f4 83 fa 01 76 27 8d 50
0x00007ffbb0e1fac5:   f9 f7 c2 fb ff ff ff 74 13 83 f8 0e 48 8d 15 c0
0x00007ffbb0e1fad5:   32 78 00 4c 8b d7 4c 0f 45 d2 eb 27 4c 8d 15 e0
0x00007ffbb0e1fae5:   32 78 00 eb 1e 8b 84 24 90 00 00 00 4c 8d 54 24
0x00007ffbb0e1faf5:   30 25 ff ff ff 00 89 4c 24 34 0d 00 00 00 46 89
0x00007ffbb0e1fb05:   44 24 30 45 33 c0 85 f6 74 05 49 8b fa eb 29 41
0x00007ffbb0e1fb15:   8b 02 85 c0 74 22 49 8b d0 4d 8b c8 42 89 44 0c
0x00007ffbb0e1fb25:   20 48 8d 52 01 4c 8d 0c 95 00 00 00 00 41 ff c0
0x00007ffbb0e1fb35:   43 8b 04 11 85 c0 75 e4 85 ed 75 10 8b 05 8d ce
0x00007ffbb0e1fb45:   6f 00 49 63 d0 41 ff c0 89 44 94 20 49 63 c0 4c
0x00007ffbb0e1fb55:   8d 74 24 20 89 4c 84 20 8b 74 24 20 85 f6 74 4c
0x00007ffbb0e1fb65:   48 63 53 58 85 d2 7f 18 48 8d 15 ac 0a 55 00 48
0x00007ffbb0e1fb75:   8b cb e8 14 48 00 00 44 8b 05 0d 32 78 00 eb 16
0x00007ffbb0e1fb85:   48 63 4b 20 8d 42 ff 89 43 58 48 03 ca 48 8b 43
0x00007ffbb0e1fb95:   48 44 8b 44 88 fc 8b d6 48 8b cb e8 5b f0 ff ff 


Stack slot to memory mapping:
stack at sp + 0 slots: 0x0000004707ffec50 is pointing into the stack for thread: 0x0000015ff4c40010
stack at sp + 1 slots: 0x00007ffbb0c29d9e jvm.dll
stack at sp + 2 slots: 0x0000004707ffec50 is pointing into the stack for thread: 0x0000015ff4c40010
stack at sp + 3 slots: 0x00007ffbb0c220be jvm.dll
stack at sp + 4 slots: {method} {0x0000015ffbdc5688} 'openBoardList' '(Lcom/board/domain/BoardDTO;Lorg/springframework/ui/Model;)Ljava/lang/String;' in 'com/board/controller/BoardController'
stack at sp + 5 slots: 0x0 is NULL
stack at sp + 6 slots: 0x0000004707ffee80 is pointing into the stack for thread: 0x0000015ff4c40010
stack at sp + 7 slots: 0x00007ffbb0e20793 jvm.dll


---------------  P R O C E S S  ---------------

Threads class SMR info:
_java_thread_list=0x0000015ff5980fd0, length=29, elements={
0x0000015ff42137a0, 0x0000015ff4216a30, 0x0000015ff4a6a030, 0x0000015ff4a6a9f0,
0x0000015ff4a6db60, 0x0000015ff4a6fd80, 0x0000015ff4a70780, 0x0000015ff4ac7100,
0x0000015ff4c40010, 0x0000015ff4c6d1b0, 0x0000015ff4c7b650, 0x0000015ff5472d10,
0x0000015ff56d2670, 0x0000015ff56d3180, 0x0000015ff56fc9b0, 0x0000015ff653e5f0,
0x0000015ff6577630, 0x0000015ff6651410, 0x0000015ff6651db0, 0x0000015ffabd3870,
0x0000015ffabd7700, 0x0000015ffabd5550, 0x0000015ffabd2060, 0x0000015ffabd7bd0,
0x0000015ffabd8f10, 0x0000015ffabd93e0, 0x0000015ffabd5080, 0x0000015ffabd2530,
0x0000015ffabd98b0
}

Java Threads: ( => current thread )
  0x0000015ff42137a0 JavaThread "Reference Handler" daemon [_thread_blocked, id=5204, stack(0x0000004707600000,0x0000004707700000)]
  0x0000015ff4216a30 JavaThread "Finalizer" daemon [_thread_blocked, id=1444, stack(0x0000004707700000,0x0000004707800000)]
  0x0000015ff4a6a030 JavaThread "Signal Dispatcher" daemon [_thread_blocked, id=604, stack(0x0000004707800000,0x0000004707900000)]
  0x0000015ff4a6a9f0 JavaThread "Attach Listener" daemon [_thread_blocked, id=8352, stack(0x0000004707900000,0x0000004707a00000)]
  0x0000015ff4a6db60 JavaThread "Service Thread" daemon [_thread_blocked, id=6748, stack(0x0000004707a00000,0x0000004707b00000)]
  0x0000015ff4a6fd80 JavaThread "C1 CompilerThread0" daemon [_thread_blocked, id=4772, stack(0x0000004707b00000,0x0000004707c00000)]
  0x0000015ff4a70780 JavaThread "Sweeper thread" daemon [_thread_blocked, id=540, stack(0x0000004707c00000,0x0000004707d00000)]
  0x0000015ff4ac7100 JavaThread "Common-Cleaner" daemon [_thread_blocked, id=4436, stack(0x0000004707d00000,0x0000004707e00000)]
=>0x0000015ff4c40010 JavaThread "JDWP Transport Listener: dt_socket" daemon [_thread_in_vm, id=3684, stack(0x0000004707f00000,0x0000004708000000)]
  0x0000015ff4c6d1b0 JavaThread "JDWP Event Helper Thread" daemon [_thread_blocked, id=6120, stack(0x0000004708000000,0x0000004708100000)]
  0x0000015ff4c7b650 JavaThread "JDWP Command Reader" daemon [_thread_in_native, id=1920, stack(0x0000004708100000,0x0000004708200000)]
  0x0000015ff5472d10 JavaThread "Notification Thread" daemon [_thread_blocked, id=2548, stack(0x0000004708200000,0x0000004708300000)]
  0x0000015ff56d2670 JavaThread "RMI TCP Accept-0" daemon [_thread_in_native, id=3136, stack(0x0000004708600000,0x0000004708700000)]
  0x0000015ff56d3180 JavaThread "RMI TCP Accept-53733" daemon [_thread_in_native, id=5664, stack(0x0000004708700000,0x0000004708800000)]
  0x0000015ff56fc9b0 JavaThread "RMI TCP Accept-0" daemon [_thread_in_native, id=8824, stack(0x0000004708800000,0x0000004708900000)]
  0x0000015ff653e5f0 JavaThread "RMI Scheduler(0)" daemon [_thread_blocked, id=8392, stack(0x0000004708d00000,0x0000004708e00000)]
  0x0000015ff6577630 JavaThread "RMI TCP Connection(7)-127.0.0.1" daemon [_thread_in_native, id=7756, stack(0x0000004708e00000,0x0000004708f00000)]
  0x0000015ff6651410 JavaThread "JMX server connection timeout 26" daemon [_thread_blocked, id=1736, stack(0x0000004709000000,0x0000004709100000)]
  0x0000015ff6651db0 JavaThread "mysql-cj-abandoned-connection-cleanup" daemon [_thread_blocked, id=3096, stack(0x0000004709100000,0x0000004709200000)]
  0x0000015ffabd3870 JavaThread "Live Reload Server" daemon [_thread_in_native, id=7284, stack(0x0000004709a00000,0x0000004709b00000)]
  0x0000015ffabd7700 JavaThread "DestroyJavaVM" [_thread_blocked, id=3508, stack(0x0000004706f00000,0x0000004707000000)]
  0x0000015ffabd5550 JavaThread "http-nio-8989-exec-1" daemon [_thread_blocked, id=1500, stack(0x0000004708a00000,0x0000004708b00000)]
  0x0000015ffabd2060 JavaThread "HikariPool-3 housekeeper" daemon [_thread_blocked, id=9088, stack(0x0000004706d00000,0x0000004706e00000)]
  0x0000015ffabd7bd0 JavaThread "Catalina-utility-1" [_thread_blocked, id=6420, stack(0x0000004708b00000,0x0000004708c00000)]
  0x0000015ffabd8f10 JavaThread "Catalina-utility-2" [_thread_blocked, id=1456, stack(0x0000004708c00000,0x0000004708d00000)]
  0x0000015ffabd93e0 JavaThread "container-0" [_thread_blocked, id=7792, stack(0x0000004709300000,0x0000004709400000)]
  0x0000015ffabd5080 JavaThread "File Watcher" daemon [_thread_blocked, id=7788, stack(0x0000004709500000,0x0000004709600000)]
  0x0000015ffabd2530 JavaThread "http-nio-8989-Poller" daemon [_thread_in_native, id=7992, stack(0x0000004709600000,0x0000004709700000)]
  0x0000015ffabd98b0 JavaThread "http-nio-8989-Acceptor" daemon [_thread_in_native, id=8924, stack(0x0000004709700000,0x0000004709800000)]

Other Threads:
  0x0000015ff41fbef0 VMThread "VM Thread" [stack: 0x0000004707500000,0x0000004707600000] [id=2504]
  0x0000015fda6ea3d0 WatcherThread [stack: 0x0000004708900000,0x0000004708a00000] [id=8244]
  0x0000015fda72a780 GCTaskThread "GC Thread#0" [stack: 0x0000004707000000,0x0000004707100000] [id=8360]
  0x0000015ff566b710 GCTaskThread "GC Thread#1" [stack: 0x0000004708300000,0x0000004708400000] [id=1680]
  0x0000015ff566bd70 GCTaskThread "GC Thread#2" [stack: 0x0000004708400000,0x0000004708500000] [id=8476]
  0x0000015ff566a720 GCTaskThread "GC Thread#3" [stack: 0x0000004708f00000,0x0000004709000000] [id=5772]
  0x0000015fda73c870 ConcurrentGCThread "G1 Main Marker" [stack: 0x0000004707100000,0x0000004707200000] [id=7944]
  0x0000015fda73dc50 ConcurrentGCThread "G1 Conc#0" [stack: 0x0000004707200000,0x0000004707300000] [id=2340]
  0x0000015fda7a2980 ConcurrentGCThread "G1 Refine#0" [stack: 0x0000004707300000,0x0000004707400000] [id=7704]
  0x0000015ff5687d00 ConcurrentGCThread "G1 Refine#1" [stack: 0x0000004708500000,0x0000004708600000] [id=5824]
  0x0000015ff4030090 ConcurrentGCThread "G1 Young RemSet Sampling" [stack: 0x0000004707400000,0x0000004707500000] [id=5216]

Threads with active compile tasks:

VM state: not at safepoint (normal execution)

VM Mutex/Monitor currently owned by a thread: None

Heap address: 0x0000000080000000, size: 2048 MB, Compressed Oops mode: 32-bit
CDS disabled.
Compressed class space mapped at: 0x0000000100000000-0x0000000140000000, size: 1073741824
Narrow klass base: 0x0000000000000000, Narrow klass shift: 3, Narrow klass range: 0x140000000

GC Precious Log:
 CPUs: 4 total, 4 available
 Memory: 8191M
 Large Page Support: Disabled
 NUMA Support: Disabled
 Compressed Oops: Enabled (32-bit)
 Heap Region Size: 1M
 Heap Min Capacity: 8M
 Heap Initial Capacity: 128M
 Heap Max Capacity: 2G
 Pre-touch: Disabled
 Parallel Workers: 4
 Concurrent Workers: 1
 Concurrent Refinement Workers: 4
 Periodic GC: Disabled

Heap:
 garbage-first heap   total 96256K, used 59201K [0x0000000080000000, 0x0000000100000000)
  region size 1024K, 27 young (27648K), 4 survivors (4096K)
 Metaspace       used 68518K, capacity 69229K, committed 69360K, reserved 1110016K
  class space    used 8405K, capacity 8651K, committed 8692K, reserved 1048576K

Heap Regions: E=young(eden), S=young(survivor), O=old, HS=humongous(starts), HC=humongous(continues), CS=collection set, F=free, OA=open archive, CA=closed archive, TAMS=top-at-mark-start (previous, next)
|   0|0x0000000080000000, 0x0000000080100000, 0x0000000080100000|100%|HS|  |TAMS 0x0000000080000000, 0x0000000080000000| Untracked 
|   1|0x0000000080100000, 0x00000000801fffd8, 0x0000000080200000| 99%| O|  |TAMS 0x0000000080100000, 0x0000000080100000| Untracked 
|   2|0x0000000080200000, 0x00000000802ffff0, 0x0000000080300000| 99%| O|  |TAMS 0x0000000080200000, 0x0000000080200000| Untracked 
|   3|0x0000000080300000, 0x00000000803fff30, 0x0000000080400000| 99%| O|  |TAMS 0x0000000080300000, 0x0000000080300000| Untracked 
|   4|0x0000000080400000, 0x0000000080500000, 0x0000000080500000|100%| O|  |TAMS 0x0000000080400000, 0x0000000080400000| Untracked 
|   5|0x0000000080500000, 0x00000000805ffff8, 0x0000000080600000| 99%| O|  |TAMS 0x0000000080500000, 0x0000000080500000| Untracked 
|   6|0x0000000080600000, 0x00000000806ffff0, 0x0000000080700000| 99%| O|  |TAMS 0x0000000080600000, 0x0000000080600000| Untracked 
|   7|0x0000000080700000, 0x00000000807fffe0, 0x0000000080800000| 99%| O|  |TAMS 0x0000000080700000, 0x0000000080700000| Untracked 
|   8|0x0000000080800000, 0x00000000808fffd0, 0x0000000080900000| 99%| O|  |TAMS 0x0000000080800000, 0x0000000080800000| Untracked 
|   9|0x0000000080900000, 0x00000000809fffa8, 0x0000000080a00000| 99%| O|  |TAMS 0x0000000080900000, 0x0000000080900000| Untracked 
|  10|0x0000000080a00000, 0x0000000080affff0, 0x0000000080b00000| 99%| O|  |TAMS 0x0000000080a00000, 0x0000000080a00000| Untracked 
|  11|0x0000000080b00000, 0x0000000080bffff8, 0x0000000080c00000| 99%| O|  |TAMS 0x0000000080b00000, 0x0000000080b00000| Untracked 
|  12|0x0000000080c00000, 0x0000000080d00000, 0x0000000080d00000|100%| O|  |TAMS 0x0000000080c00000, 0x0000000080c00000| Untracked 
|  13|0x0000000080d00000, 0x0000000080dffff0, 0x0000000080e00000| 99%| O|  |TAMS 0x0000000080d00000, 0x0000000080d00000| Untracked 
|  14|0x0000000080e00000, 0x0000000080efffd0, 0x0000000080f00000| 99%| O|  |TAMS 0x0000000080e00000, 0x0000000080e00000| Untracked 
|  15|0x0000000080f00000, 0x0000000080fffff0, 0x0000000081000000| 99%| O|  |TAMS 0x0000000080f00000, 0x0000000080f00000| Untracked 
|  16|0x0000000081000000, 0x00000000810fffa8, 0x0000000081100000| 99%| O|  |TAMS 0x0000000081000000, 0x0000000081000000| Untracked 
|  17|0x0000000081100000, 0x00000000811ffff0, 0x0000000081200000| 99%| O|  |TAMS 0x0000000081100000, 0x0000000081100000| Untracked 
|  18|0x0000000081200000, 0x00000000812fffe0, 0x0000000081300000| 99%| O|  |TAMS 0x0000000081200000, 0x0000000081200000| Untracked 
|  19|0x0000000081300000, 0x00000000813ffff8, 0x0000000081400000| 99%| O|  |TAMS 0x0000000081300000, 0x0000000081300000| Untracked 
|  20|0x0000000081400000, 0x00000000814ffff8, 0x0000000081500000| 99%| O|  |TAMS 0x0000000081400000, 0x0000000081400000| Untracked 
|  21|0x0000000081500000, 0x0000000081600000, 0x0000000081600000|100%| O|  |TAMS 0x0000000081500000, 0x0000000081500000| Untracked 
|  22|0x0000000081600000, 0x00000000816fffe8, 0x0000000081700000| 99%| O|  |TAMS 0x0000000081600000, 0x0000000081600000| Untracked 
|  23|0x0000000081700000, 0x00000000817fff80, 0x0000000081800000| 99%| O|  |TAMS 0x0000000081700000, 0x0000000081700000| Untracked 
|  24|0x0000000081800000, 0x00000000818ffff0, 0x0000000081900000| 99%| O|  |TAMS 0x0000000081800000, 0x0000000081800000| Untracked 
|  25|0x0000000081900000, 0x0000000081a00000, 0x0000000081a00000|100%| O|  |TAMS 0x0000000081900000, 0x0000000081900000| Untracked 
|  26|0x0000000081a00000, 0x0000000081afffe8, 0x0000000081b00000| 99%| O|  |TAMS 0x0000000081a00000, 0x0000000081a00000| Untracked 
|  27|0x0000000081b00000, 0x0000000081bfd308, 0x0000000081c00000| 98%| O|  |TAMS 0x0000000081b00000, 0x0000000081b00000| Untracked 
|  28|0x0000000081c00000, 0x0000000081c9add8, 0x0000000081d00000| 60%| O|  |TAMS 0x0000000081c00000, 0x0000000081c00000| Untracked 
|  29|0x0000000081d00000, 0x0000000081dfffe0, 0x0000000081e00000| 99%| O|  |TAMS 0x0000000081d00000, 0x0000000081d00000| Untracked 
|  30|0x0000000081e00000, 0x0000000081e40ec8, 0x0000000081f00000| 25%| O|  |TAMS 0x0000000081e00000, 0x0000000081e00000| Untracked 
|  31|0x0000000081f00000, 0x0000000082000000, 0x0000000082000000|100%| O|  |TAMS 0x0000000081f00000, 0x0000000081f00000| Untracked 
|  32|0x0000000082000000, 0x0000000082100000, 0x0000000082100000|100%| O|  |TAMS 0x0000000082000000, 0x0000000082000000| Untracked 
|  33|0x0000000082100000, 0x000000008218a800, 0x0000000082200000| 54%| O|  |TAMS 0x0000000082100000, 0x0000000082100000| Untracked 
|  34|0x0000000082200000, 0x0000000082200000, 0x0000000082300000|  0%| F|  |TAMS 0x0000000082200000, 0x0000000082200000| Untracked 
|  35|0x0000000082300000, 0x0000000082300000, 0x0000000082400000|  0%| F|  |TAMS 0x0000000082300000, 0x0000000082300000| Untracked 
|  36|0x0000000082400000, 0x0000000082400000, 0x0000000082500000|  0%| F|  |TAMS 0x0000000082400000, 0x0000000082400000| Untracked 
|  37|0x0000000082500000, 0x0000000082500000, 0x0000000082600000|  0%| F|  |TAMS 0x0000000082500000, 0x0000000082500000| Untracked 
|  38|0x0000000082600000, 0x0000000082600000, 0x0000000082700000|  0%| F|  |TAMS 0x0000000082600000, 0x0000000082600000| Untracked 
|  39|0x0000000082700000, 0x0000000082700000, 0x0000000082800000|  0%| F|  |TAMS 0x0000000082700000, 0x0000000082700000| Untracked 
|  40|0x0000000082800000, 0x0000000082800000, 0x0000000082900000|  0%| F|  |TAMS 0x0000000082800000, 0x0000000082800000| Untracked 
|  41|0x0000000082900000, 0x00000000829047e0, 0x0000000082a00000|  1%| O|  |TAMS 0x0000000082900000, 0x0000000082900000| Untracked 
|  42|0x0000000082a00000, 0x0000000082a00000, 0x0000000082b00000|  0%| F|  |TAMS 0x0000000082a00000, 0x0000000082a00000| Untracked 
|  43|0x0000000082b00000, 0x0000000082b00000, 0x0000000082c00000|  0%| F|  |TAMS 0x0000000082b00000, 0x0000000082b00000| Untracked 
|  44|0x0000000082c00000, 0x0000000082c00000, 0x0000000082d00000|  0%| F|  |TAMS 0x0000000082c00000, 0x0000000082c00000| Untracked 
|  45|0x0000000082d00000, 0x0000000082d00000, 0x0000000082e00000|  0%| F|  |TAMS 0x0000000082d00000, 0x0000000082d00000| Untracked 
|  46|0x0000000082e00000, 0x0000000082e00000, 0x0000000082f00000|  0%| F|  |TAMS 0x0000000082e00000, 0x0000000082e00000| Untracked 
|  47|0x0000000082f00000, 0x0000000082f00000, 0x0000000083000000|  0%| F|  |TAMS 0x0000000082f00000, 0x0000000082f00000| Untracked 
|  48|0x0000000083000000, 0x00000000830689d0, 0x0000000083100000| 40%| S|CS|TAMS 0x0000000083000000, 0x0000000083000000| Complete 
|  49|0x0000000083100000, 0x0000000083200000, 0x0000000083200000|100%| S|CS|TAMS 0x0000000083100000, 0x0000000083100000| Complete 
|  50|0x0000000083200000, 0x0000000083300000, 0x0000000083300000|100%| S|CS|TAMS 0x0000000083200000, 0x0000000083200000| Complete 
|  51|0x0000000083300000, 0x0000000083400000, 0x0000000083400000|100%| S|CS|TAMS 0x0000000083300000, 0x0000000083300000| Complete 
|  52|0x0000000083400000, 0x0000000083400000, 0x0000000083500000|  0%| F|  |TAMS 0x0000000083400000, 0x0000000083400000| Untracked 
|  53|0x0000000083500000, 0x0000000083500000, 0x0000000083600000|  0%| F|  |TAMS 0x0000000083500000, 0x0000000083500000| Untracked 
|  54|0x0000000083600000, 0x0000000083600000, 0x0000000083700000|  0%| F|  |TAMS 0x0000000083600000, 0x0000000083600000| Untracked 
|  55|0x0000000083700000, 0x0000000083700000, 0x0000000083800000|  0%| F|  |TAMS 0x0000000083700000, 0x0000000083700000| Untracked 
|  56|0x0000000083800000, 0x0000000083800000, 0x0000000083900000|  0%| F|  |TAMS 0x0000000083800000, 0x0000000083800000| Untracked 
|  57|0x0000000083900000, 0x0000000083900000, 0x0000000083a00000|  0%| F|  |TAMS 0x0000000083900000, 0x0000000083900000| Untracked 
|  58|0x0000000083a00000, 0x0000000083a00000, 0x0000000083b00000|  0%| F|  |TAMS 0x0000000083a00000, 0x0000000083a00000| Untracked 
|  59|0x0000000083b00000, 0x0000000083b00000, 0x0000000083c00000|  0%| F|  |TAMS 0x0000000083b00000, 0x0000000083b00000| Untracked 
|  60|0x0000000083c00000, 0x0000000083c00000, 0x0000000083d00000|  0%| F|  |TAMS 0x0000000083c00000, 0x0000000083c00000| Untracked 
|  61|0x0000000083d00000, 0x0000000083d00000, 0x0000000083e00000|  0%| F|  |TAMS 0x0000000083d00000, 0x0000000083d00000| Untracked 
|  62|0x0000000083e00000, 0x0000000083e00000, 0x0000000083f00000|  0%| F|  |TAMS 0x0000000083e00000, 0x0000000083e00000| Untracked 
|  63|0x0000000083f00000, 0x0000000083f00000, 0x0000000084000000|  0%| F|  |TAMS 0x0000000083f00000, 0x0000000083f00000| Untracked 
|  64|0x0000000084000000, 0x0000000084000000, 0x0000000084100000|  0%| F|  |TAMS 0x0000000084000000, 0x0000000084000000| Untracked 
|  65|0x0000000084100000, 0x0000000084100000, 0x0000000084200000|  0%| F|  |TAMS 0x0000000084100000, 0x0000000084100000| Untracked 
|  66|0x0000000084200000, 0x0000000084200000, 0x0000000084300000|  0%| F|  |TAMS 0x0000000084200000, 0x0000000084200000| Untracked 
|  67|0x0000000084300000, 0x0000000084300000, 0x0000000084400000|  0%| F|  |TAMS 0x0000000084300000, 0x0000000084300000| Untracked 
|  68|0x0000000084400000, 0x0000000084400000, 0x0000000084500000|  0%| F|  |TAMS 0x0000000084400000, 0x0000000084400000| Untracked 
|  69|0x0000000084500000, 0x0000000084500000, 0x0000000084600000|  0%| F|  |TAMS 0x0000000084500000, 0x0000000084500000| Untracked 
|  70|0x0000000084600000, 0x0000000084600000, 0x0000000084700000|  0%| F|  |TAMS 0x0000000084600000, 0x0000000084600000| Untracked 
|  71|0x0000000084700000, 0x000000008479a268, 0x0000000084800000| 60%| E|  |TAMS 0x0000000084700000, 0x0000000084700000| Complete 
|  72|0x0000000084800000, 0x0000000084900000, 0x0000000084900000|100%| E|CS|TAMS 0x0000000084800000, 0x0000000084800000| Complete 
|  73|0x0000000084900000, 0x0000000084a00000, 0x0000000084a00000|100%| E|CS|TAMS 0x0000000084900000, 0x0000000084900000| Complete 
|  74|0x0000000084a00000, 0x0000000084b00000, 0x0000000084b00000|100%| E|CS|TAMS 0x0000000084a00000, 0x0000000084a00000| Complete 
|  75|0x0000000084b00000, 0x0000000084c00000, 0x0000000084c00000|100%| E|CS|TAMS 0x0000000084b00000, 0x0000000084b00000| Complete 
|  76|0x0000000084c00000, 0x0000000084d00000, 0x0000000084d00000|100%| E|CS|TAMS 0x0000000084c00000, 0x0000000084c00000| Complete 
|  77|0x0000000084d00000, 0x0000000084e00000, 0x0000000084e00000|100%| E|CS|TAMS 0x0000000084d00000, 0x0000000084d00000| Complete 
|  78|0x0000000084e00000, 0x0000000084f00000, 0x0000000084f00000|100%| E|CS|TAMS 0x0000000084e00000, 0x0000000084e00000| Complete 
|  79|0x0000000084f00000, 0x0000000085000000, 0x0000000085000000|100%| E|CS|TAMS 0x0000000084f00000, 0x0000000084f00000| Complete 
|  80|0x0000000085000000, 0x0000000085100000, 0x0000000085100000|100%| E|CS|TAMS 0x0000000085000000, 0x0000000085000000| Complete 
|  81|0x0000000085100000, 0x0000000085200000, 0x0000000085200000|100%| E|CS|TAMS 0x0000000085100000, 0x0000000085100000| Complete 
|  82|0x0000000085200000, 0x0000000085300000, 0x0000000085300000|100%| E|CS|TAMS 0x0000000085200000, 0x0000000085200000| Complete 
|  83|0x0000000085300000, 0x0000000085400000, 0x0000000085400000|100%| E|CS|TAMS 0x0000000085300000, 0x0000000085300000| Complete 
|  84|0x0000000085400000, 0x0000000085500000, 0x0000000085500000|100%| E|CS|TAMS 0x0000000085400000, 0x0000000085400000| Complete 
|  85|0x0000000085500000, 0x0000000085600000, 0x0000000085600000|100%| E|CS|TAMS 0x0000000085500000, 0x0000000085500000| Complete 
|  86|0x0000000085600000, 0x0000000085700000, 0x0000000085700000|100%| E|CS|TAMS 0x0000000085600000, 0x0000000085600000| Complete 
|  87|0x0000000085700000, 0x0000000085800000, 0x0000000085800000|100%| E|CS|TAMS 0x0000000085700000, 0x0000000085700000| Complete 
|  88|0x0000000085800000, 0x0000000085900000, 0x0000000085900000|100%| E|CS|TAMS 0x0000000085800000, 0x0000000085800000| Complete 
|  89|0x0000000085900000, 0x0000000085a00000, 0x0000000085a00000|100%| E|CS|TAMS 0x0000000085900000, 0x0000000085900000| Complete 
|  90|0x0000000085a00000, 0x0000000085b00000, 0x0000000085b00000|100%| E|CS|TAMS 0x0000000085a00000, 0x0000000085a00000| Complete 
|  91|0x0000000085b00000, 0x0000000085c00000, 0x0000000085c00000|100%| E|CS|TAMS 0x0000000085b00000, 0x0000000085b00000| Complete 
|  92|0x0000000085c00000, 0x0000000085d00000, 0x0000000085d00000|100%| E|CS|TAMS 0x0000000085c00000, 0x0000000085c00000| Complete 
|  93|0x0000000085d00000, 0x0000000085e00000, 0x0000000085e00000|100%| E|CS|TAMS 0x0000000085d00000, 0x0000000085d00000| Complete 

Card table byte_map: [0x0000015fed4f0000,0x0000015fed8f0000] _byte_map_base: 0x0000015fed0f0000

Marking Bits (Prev, Next): (CMBitMap*) 0x0000015fda72af40, (CMBitMap*) 0x0000015fda72af00
 Prev Bits: [0x0000015fefcf0000, 0x0000015ff1cf0000)
 Next Bits: [0x0000015fedcf0000, 0x0000015fefcf0000)

Polling page: 0x0000015fd8560000

Metaspace:

Usage:
  Non-class:     59.16 MB capacity,    58.70 MB (>99%) used,   373.57 KB ( <1%) free+waste,    91.62 KB ( <1%) overhead. 
      Class:      8.45 MB capacity,     8.21 MB ( 97%) used,   211.05 KB (  2%) free+waste,    34.56 KB ( <1%) overhead. 
       Both:     67.61 MB capacity,    66.91 MB ( 99%) used,   584.62 KB ( <1%) free+waste,   126.19 KB ( <1%) overhead. 

Virtual space:
  Non-class space:       60.00 MB reserved,      59.25 MB ( 99%) committed 
      Class space:        1.00 GB reserved,       8.49 MB ( <1%) committed 
             Both:        1.06 GB reserved,      67.73 MB (  6%) committed 

Chunk freelists:
   Non-Class:  26.00 KB
       Class:  21.00 KB
        Both:  47.00 KB

MaxMetaspaceSize: 17179869184.00 GB
CompressedClassSpaceSize: 1.00 GB

CodeHeap 'non-profiled nmethods': size=238912Kb used=12370Kb max_used=12370Kb free=226541Kb
 bounds [0x0000015fde7a0000, 0x0000015fdf3c0000, 0x0000015fed0f0000]
CodeHeap 'non-nmethods': size=6848Kb used=1716Kb max_used=1716Kb free=5131Kb
 bounds [0x0000015fde0f0000, 0x0000015fde360000, 0x0000015fde7a0000]
 total_blobs=7638 nmethods=6960 adapters=605
 compilation: enabled
              stopped_count=0, restarted_count=0
 full_count=0

Compilation events (20 events):
Event: 279.715 Thread 0x0000015ff4a6fd80 6951       1       org.springframework.boot.devtools.filewatch.FileSystemWatcher$Watcher::getCurrentSnapshots (63 bytes)
Event: 279.715 Thread 0x0000015ff4a6fd80 nmethod 6951 0x0000015fdf3b1b90 code [0x0000015fdf3b1da0, 0x0000015fdf3b2138]
Event: 281.142 Thread 0x0000015ff4a6fd80 6952       1       org.springframework.boot.devtools.filewatch.FileSystemWatcher$Watcher::scan (63 bytes)
Event: 281.142 Thread 0x0000015ff4a6fd80 nmethod 6952 0x0000015fdf3b2410 code [0x0000015fdf3b2600, 0x0000015fdf3b2808]
Event: 301.026 Thread 0x0000015ff4a6fd80 6953       1       java.io.ObjectInputStream$PeekInputStream::peek (49 bytes)
Event: 301.026 Thread 0x0000015ff4a6fd80 nmethod 6953 0x0000015fdf3b2990 code [0x0000015fdf3b2b20, 0x0000015fdf3b2c48]
Event: 301.026 Thread 0x0000015ff4a6fd80 6954       1       java.io.ObjectInputStream$BlockDataInputStream::read (62 bytes)
Event: 301.026 Thread 0x0000015ff4a6fd80 nmethod 6954 0x0000015fdf3b2d10 code [0x0000015fdf3b2ec0, 0x0000015fdf3b3058]
Event: 301.026 Thread 0x0000015ff4a6fd80 6955       1       java.io.ObjectInputStream$BlockDataInputStream::readByte (20 bytes)
Event: 301.026 Thread 0x0000015ff4a6fd80 nmethod 6955 0x0000015fdf3b3190 code [0x0000015fdf3b3340, 0x0000015fdf3b34d8]
Event: 301.027 Thread 0x0000015ff4a6fd80 6956       1       java.io.ObjectInputStream$PeekInputStream::read (47 bytes)
Event: 301.027 Thread 0x0000015ff4a6fd80 nmethod 6956 0x0000015fdf3b3610 code [0x0000015fdf3b37a0, 0x0000015fdf3b38c8]
Event: 301.027 Thread 0x0000015ff4a6fd80 6958       1       java.lang.AbstractStringBuilder::append (33 bytes)
Event: 301.027 Thread 0x0000015ff4a6fd80 nmethod 6958 0x0000015fdf3b3990 code [0x0000015fdf3b3b40, 0x0000015fdf3b3ca8]
Event: 301.027 Thread 0x0000015ff4a6fd80 6957       1       java.io.ObjectInputStream$BlockDataInputStream::getBlockDataMode (5 bytes)
Event: 301.027 Thread 0x0000015ff4a6fd80 nmethod 6957 0x0000015fdf3b3d90 code [0x0000015fdf3b3f20, 0x0000015fdf3b3fd8]
Event: 301.034 Thread 0x0000015ff4a6fd80 6959       1       java.lang.StringConcatHelper::checkOverflow (17 bytes)
Event: 301.034 Thread 0x0000015ff4a6fd80 nmethod 6959 0x0000015fdf3b4090 code [0x0000015fdf3b4240, 0x0000015fdf3b43a8]
Event: 306.951 Thread 0x0000015ff4a6fd80 6960       1       java.util.concurrent.ScheduledThreadPoolExecutor::reExecutePeriodic (49 bytes)
Event: 306.951 Thread 0x0000015ff4a6fd80 nmethod 6960 0x0000015fdf3b4490 code [0x0000015fdf3b4680, 0x0000015fdf3b48c8]

GC Heap History (20 events):
Event: 10.278 GC heap before
{Heap before GC invocations=26 (full 0):
 garbage-first heap   total 114688K, used 92319K [0x0000000080000000, 0x0000000100000000)
  region size 1024K, 67 young (68608K), 7 survivors (7168K)
 Metaspace       used 67402K, capacity 68037K, committed 68208K, reserved 1110016K
  class space    used 8249K, capacity 8474K, committed 8564K, reserved 1048576K
}
Event: 10.285 GC heap after
{Heap after GC invocations=27 (full 0):
 garbage-first heap   total 114688K, used 32747K [0x0000000080000000, 0x0000000100000000)
  region size 1024K, 6 young (6144K), 6 survivors (6144K)
 Metaspace       used 67402K, capacity 68037K, committed 68208K, reserved 1110016K
  class space    used 8249K, capacity 8474K, committed 8564K, reserved 1048576K
}
Event: 173.381 GC heap before
{Heap before GC invocations=27 (full 0):
 garbage-first heap   total 114688K, used 55275K [0x0000000080000000, 0x0000000100000000)
  region size 1024K, 30 young (30720K), 6 survivors (6144K)
 Metaspace       used 67977K, capacity 68567K, committed 68720K, reserved 1110016K
  class space    used 8343K, capacity 8544K, committed 8564K, reserved 1048576K
}
Event: 173.412 GC heap after
{Heap after GC invocations=28 (full 1):
 garbage-first heap   total 96256K, used 27918K [0x0000000080000000, 0x0000000100000000)
  region size 1024K, 0 young (0K), 0 survivors (0K)
 Metaspace       used 67970K, capacity 68555K, committed 68720K, reserved 1110016K
  class space    used 8342K, capacity 8542K, committed 8564K, reserved 1048576K
}
Event: 173.757 GC heap before
{Heap before GC invocations=28 (full 1):
 garbage-first heap   total 96256K, used 78094K [0x0000000080000000, 0x0000000100000000)
  region size 1024K, 50 young (51200K), 0 survivors (0K)
 Metaspace       used 68075K, capacity 68754K, committed 69104K, reserved 1110016K
  class space    used 8357K, capacity 8587K, committed 8692K, reserved 1048576K
}
Event: 173.760 GC heap after
{Heap after GC invocations=29 (full 1):
 garbage-first heap   total 96256K, used 31250K [0x0000000080000000, 0x0000000100000000)
  region size 1024K, 4 young (4096K), 4 survivors (4096K)
 Metaspace       used 68075K, capacity 68754K, committed 69104K, reserved 1110016K
  class space    used 8357K, capacity 8587K, committed 8692K, reserved 1048576K
}
Event: 173.859 GC heap before
{Heap before GC invocations=29 (full 1):
 garbage-first heap   total 96256K, used 77330K [0x0000000080000000, 0x0000000100000000)
  region size 1024K, 50 young (51200K), 4 survivors (4096K)
 Metaspace       used 68135K, capacity 68830K, committed 69104K, reserved 1110016K
  class space    used 8364K, capacity 8589K, committed 8692K, reserved 1048576K
}
Event: 173.863 GC heap after
{Heap after GC invocations=30 (full 1):
 garbage-first heap   total 96256K, used 32012K [0x0000000080000000, 0x0000000100000000)
  region size 1024K, 4 young (4096K), 4 survivors (4096K)
 Metaspace       used 68135K, capacity 68830K, committed 69104K, reserved 1110016K
  class space    used 8364K, capacity 8589K, committed 8692K, reserved 1048576K
}
Event: 174.053 GC heap before
{Heap before GC invocations=30 (full 1):
 garbage-first heap   total 96256K, used 79116K [0x0000000080000000, 0x0000000100000000)
  region size 1024K, 50 young (51200K), 4 survivors (4096K)
 Metaspace       used 68235K, capacity 68927K, committed 69104K, reserved 1110016K
  class space    used 8374K, capacity 8596K, committed 8692K, reserved 1048576K
}
Event: 174.057 GC heap after
{Heap after GC invocations=31 (full 1):
 garbage-first heap   total 96256K, used 33152K [0x0000000080000000, 0x0000000100000000)
  region size 1024K, 3 young (3072K), 3 survivors (3072K)
 Metaspace       used 68235K, capacity 68927K, committed 69104K, reserved 1110016K
  class space    used 8374K, capacity 8596K, committed 8692K, reserved 1048576K
}
Event: 175.811 GC heap before
{Heap before GC invocations=31 (full 1):
 garbage-first heap   total 96256K, used 74112K [0x0000000080000000, 0x0000000100000000)
  region size 1024K, 44 young (45056K), 3 survivors (3072K)
 Metaspace       used 68247K, capacity 68939K, committed 69104K, reserved 1110016K
  class space    used 8376K, capacity 8600K, committed 8692K, reserved 1048576K
}
Event: 175.850 GC heap after
{Heap after GC invocations=32 (full 2):
 garbage-first heap   total 96256K, used 30580K [0x0000000080000000, 0x0000000100000000)
  region size 1024K, 0 young (0K), 0 survivors (0K)
 Metaspace       used 68239K, capacity 68927K, committed 69104K, reserved 1110016K
  class space    used 8375K, capacity 8598K, committed 8692K, reserved 1048576K
}
Event: 176.156 GC heap before
{Heap before GC invocations=32 (full 2):
 garbage-first heap   total 96256K, used 76660K [0x0000000080000000, 0x0000000100000000)
  region size 1024K, 46 young (47104K), 0 survivors (0K)
 Metaspace       used 68335K, capacity 69065K, committed 69360K, reserved 1110016K
  class space    used 8389K, capacity 8644K, committed 8692K, reserved 1048576K
}
Event: 176.159 GC heap after
{Heap after GC invocations=33 (full 2):
 garbage-first heap   total 96256K, used 33652K [0x0000000080000000, 0x0000000100000000)
  region size 1024K, 3 young (3072K), 3 survivors (3072K)
 Metaspace       used 68335K, capacity 69065K, committed 69360K, reserved 1110016K
  class space    used 8389K, capacity 8644K, committed 8692K, reserved 1048576K
}
Event: 176.204 GC heap before
{Heap before GC invocations=33 (full 2):
 garbage-first heap   total 96256K, used 76660K [0x0000000080000000, 0x0000000100000000)
  region size 1024K, 46 young (47104K), 3 survivors (3072K)
 Metaspace       used 68335K, capacity 69065K, committed 69360K, reserved 1110016K
  class space    used 8389K, capacity 8644K, committed 8692K, reserved 1048576K
}
Event: 176.207 GC heap after
{Heap after GC invocations=34 (full 2):
 garbage-first heap   total 96256K, used 33791K [0x0000000080000000, 0x0000000100000000)
  region size 1024K, 4 young (4096K), 4 survivors (4096K)
 Metaspace       used 68335K, capacity 69065K, committed 69360K, reserved 1110016K
  class space    used 8389K, capacity 8644K, committed 8692K, reserved 1048576K
}
Event: 176.440 GC heap before
{Heap before GC invocations=34 (full 2):
 garbage-first heap   total 96256K, used 77823K [0x0000000080000000, 0x0000000100000000)
  region size 1024K, 47 young (48128K), 4 survivors (4096K)
 Metaspace       used 68484K, capacity 69223K, committed 69360K, reserved 1110016K
  class space    used 8402K, capacity 8649K, committed 8692K, reserved 1048576K
}
Event: 176.450 GC heap after
{Heap after GC invocations=35 (full 2):
 garbage-first heap   total 96256K, used 35403K [0x0000000080000000, 0x0000000100000000)
  region size 1024K, 5 young (5120K), 5 survivors (5120K)
 Metaspace       used 68484K, capacity 69223K, committed 69360K, reserved 1110016K
  class space    used 8402K, capacity 8649K, committed 8692K, reserved 1048576K
}
Event: 176.612 GC heap before
{Heap before GC invocations=35 (full 2):
 garbage-first heap   total 96256K, used 78411K [0x0000000080000000, 0x0000000100000000)
  region size 1024K, 47 young (48128K), 5 survivors (5120K)
 Metaspace       used 68489K, capacity 69229K, committed 69360K, reserved 1110016K
  class space    used 8403K, capacity 8651K, committed 8692K, reserved 1048576K
}
Event: 176.624 GC heap after
{Heap after GC invocations=36 (full 2):
 garbage-first heap   total 96256K, used 36673K [0x0000000080000000, 0x0000000100000000)
  region size 1024K, 4 young (4096K), 4 survivors (4096K)
 Metaspace       used 68489K, capacity 69229K, committed 69360K, reserved 1110016K
  class space    used 8403K, capacity 8651K, committed 8692K, reserved 1048576K
}

Deoptimization events (20 events):
Event: 176.657 Thread 0x0000015ffabd2ed0 DEOPT PACKING pc=0x0000015fdedcddbc sp=0x0000004707efda40
Event: 176.657 Thread 0x0000015ffabd2ed0 DEOPT UNPACKING pc=0x0000015fde13e23f sp=0x0000004707efcf00 mode 1
Event: 176.657 Thread 0x0000015ffabd2ed0 DEOPT PACKING pc=0x0000015fdeb490d4 sp=0x0000004707efd920
Event: 176.657 Thread 0x0000015ffabd2ed0 DEOPT UNPACKING pc=0x0000015fde13e23f sp=0x0000004707efce80 mode 1
Event: 176.657 Thread 0x0000015ffabd2ed0 DEOPT PACKING pc=0x0000015fdedcddbc sp=0x0000004707efda40
Event: 176.657 Thread 0x0000015ffabd2ed0 DEOPT UNPACKING pc=0x0000015fde13e23f sp=0x0000004707efcf00 mode 1
Event: 176.657 Thread 0x0000015ffabd2ed0 DEOPT PACKING pc=0x0000015fdeb490d4 sp=0x0000004707efd920
Event: 176.657 Thread 0x0000015ffabd2ed0 DEOPT UNPACKING pc=0x0000015fde13e23f sp=0x0000004707efce80 mode 1
Event: 176.657 Thread 0x0000015ffabd2ed0 DEOPT PACKING pc=0x0000015fdedcddbc sp=0x0000004707efda40
Event: 176.657 Thread 0x0000015ffabd2ed0 DEOPT UNPACKING pc=0x0000015fde13e23f sp=0x0000004707efcf00 mode 1
Event: 176.662 Thread 0x0000015ffabd2ed0 DEOPT PACKING pc=0x0000015fdf1f9074 sp=0x0000004707efd920
Event: 176.662 Thread 0x0000015ffabd2ed0 DEOPT UNPACKING pc=0x0000015fde13e23f sp=0x0000004707efcf00 mode 1
Event: 176.662 Thread 0x0000015ffabd2ed0 DEOPT PACKING pc=0x0000015fdf1f9074 sp=0x0000004707efd920
Event: 176.662 Thread 0x0000015ffabd2ed0 DEOPT UNPACKING pc=0x0000015fde13e23f sp=0x0000004707efcf00 mode 1
Event: 176.666 Thread 0x0000015ffabd2ed0 DEOPT PACKING pc=0x0000015fdf1b0164 sp=0x0000004707efdd60
Event: 176.666 Thread 0x0000015ffabd2ed0 DEOPT UNPACKING pc=0x0000015fde13e23f sp=0x0000004707efd2c8 mode 1
Event: 176.666 Thread 0x0000015ffabd2ed0 DEOPT PACKING pc=0x0000015fdf1b0164 sp=0x0000004707efdcf0
Event: 176.666 Thread 0x0000015ffabd2ed0 DEOPT UNPACKING pc=0x0000015fde13e23f sp=0x0000004707efd258 mode 1
Event: 176.666 Thread 0x0000015ffabd2ed0 DEOPT PACKING pc=0x0000015fdf1b0164 sp=0x0000004707efdc80
Event: 176.666 Thread 0x0000015ffabd2ed0 DEOPT UNPACKING pc=0x0000015fde13e23f sp=0x0000004707efd1e8 mode 1

Classes unloaded (4 events):
Event: 173.392 Thread 0x0000015ff41fbef0 Unloading class 0x0000000100472040 'jdk/internal/reflect/GeneratedSerializationConstructorAccessor19'
Event: 173.392 Thread 0x0000015ff41fbef0 Unloading class 0x0000000100472c40 'jdk/internal/reflect/GeneratedSerializationConstructorAccessor18'
Event: 175.827 Thread 0x0000015ff41fbef0 Unloading class 0x000000010085ec40 'jdk/internal/reflect/GeneratedSerializationConstructorAccessor22'
Event: 175.827 Thread 0x0000015ff41fbef0 Unloading class 0x000000010085e840 'jdk/internal/reflect/GeneratedSerializationConstructorAccessor21'

Classes redefined (5 events):
Event: 164.578 Thread 0x0000015ff41fbef0 redefined class name=com.board.controller.BoardController, count=1
Event: 171.810 Thread 0x0000015ff41fbef0 redefined class name=com.board.controller.BoardController, count=2
Event: 310.087 Thread 0x0000015ff41fbef0 redefined class name=com.board.controller.BoardController, count=1
Event: 310.087 Thread 0x0000015ff41fbef0 redefined class name=com.board.controller.BoardController, count=1
Event: 310.087 Thread 0x0000015ff41fbef0 redefined class name=com.board.controller.BoardController, count=3

Internal exceptions (20 events):
Event: 173.768 Thread 0x0000015ffabd80a0 Exception <a 'sun/nio/fs/WindowsException'{0x0000000083b653d8}> (0x0000000083b653d8) 
thrown [./open/src/hotspot/share/prims/jni.cpp, line 578]
Event: 173.774 Thread 0x0000015ffabd80a0 Exception <a 'java/io/FileNotFoundException'{0x0000000083ba5798}> (0x0000000083ba5798) 
thrown [./open/src/hotspot/share/prims/jni.cpp, line 578]
Event: 173.792 Thread 0x0000015ffabd80a0 Exception <a 'java/io/FileNotFoundException'{0x000000008388c3e0}> (0x000000008388c3e0) 
thrown [./open/src/hotspot/share/prims/jni.cpp, line 578]
Event: 175.794 Thread 0x0000015ffabd2ed0 Exception <a 'java/lang/InterruptedException'{0x000000008358ae18}: sleep interrupted> (0x000000008358ae18) 
thrown [./open/src/hotspot/share/prims/jvm.cpp, line 3278]
Event: 175.870 Thread 0x0000015ffabd2ed0 Exception <a 'java/io/FileNotFoundException'{0x0000000085dc2ba8}> (0x0000000085dc2ba8) 
thrown [./open/src/hotspot/share/prims/jni.cpp, line 578]
Event: 176.062 Thread 0x0000015ffabd2ed0 Exception <a 'java/lang/NoClassDefFoundError'{0x000000008440b1c0}: org/flywaydb/core/Flyway> (0x000000008440b1c0) 
thrown [./open/src/hotspot/share/oops/constantPool.cpp, line 804]
Event: 176.064 Thread 0x0000015ffabd2ed0 Exception <a 'java/lang/NoClassDefFoundError'{0x000000008440b4e8}: liquibase/integration/spring/SpringLiquibase> (0x000000008440b4e8) 
thrown [./open/src/hotspot/share/oops/constantPool.cpp, line 804]
Event: 176.066 Thread 0x0000015ffabd2ed0 Exception <a 'java/lang/NoClassDefFoundError'{0x0000000084429050}: org/springframework/batch/core/repository/JobRepository> (0x0000000084429050) 
thrown [./open/src/hotspot/share/oops/constantPool.cpp, line 804]
Event: 176.066 Thread 0x0000015ffabd2ed0 Exception <a 'java/lang/NoClassDefFoundError'{0x0000000084429388}: org/quartz/Scheduler> (0x0000000084429388) 
thrown [./open/src/hotspot/share/oops/constantPool.cpp, line 804]
Event: 176.066 Thread 0x0000015ffabd2ed0 Exception <a 'java/lang/NoClassDefFoundError'{0x00000000844296c0}: org/springframework/session/jdbc/JdbcIndexedSessionRepository> (0x00000000844296c0) 
thrown [./open/src/hotspot/share/oops/constantPool.cpp, line 804]
Event: 176.069 Thread 0x0000015ffabd2ed0 Exception <a 'java/lang/NoClassDefFoundError'{0x000000008446e458}: org/jooq/DSLContext> (0x000000008446e458) 
thrown [./open/src/hotspot/share/oops/constantPool.cpp, line 804]
Event: 176.076 Thread 0x0000015ffabd2ed0 Exception <a 'java/lang/ArrayIndexOutOfBoundsException'{0x0000000084317348}> (0x0000000084317348) 
thrown [./open/src/hotspot/share/runtime/sharedRuntime.cpp, line 585]
Event: 176.076 Thread 0x0000015ffabd2ed0 Exception <a 'java/lang/ArrayIndexOutOfBoundsException'{0x0000000084317bb8}> (0x0000000084317bb8) 
thrown [./open/src/hotspot/share/runtime/sharedRuntime.cpp, line 585]
Event: 176.104 Thread 0x0000015ffabd2ed0 Exception <a 'java/lang/ArrayIndexOutOfBoundsException'{0x0000000083eb35c8}> (0x0000000083eb35c8) 
thrown [./open/src/hotspot/share/runtime/sharedRuntime.cpp, line 585]
Event: 176.104 Thread 0x0000015ffabd2ed0 Exception <a 'java/lang/ArrayIndexOutOfBoundsException'{0x0000000083eb3b90}> (0x0000000083eb3b90) 
thrown [./open/src/hotspot/share/runtime/sharedRuntime.cpp, line 585]
Event: 176.168 Thread 0x0000015ffabd2ed0 Exception <a 'sun/nio/fs/WindowsException'{0x000000008371cfb0}> (0x000000008371cfb0) 
thrown [./open/src/hotspot/share/prims/jni.cpp, line 578]
Event: 176.168 Thread 0x0000015ffabd2ed0 Exception <a 'sun/nio/fs/WindowsException'{0x000000008371d5a0}> (0x000000008371d5a0) 
thrown [./open/src/hotspot/share/prims/jni.cpp, line 578]
Event: 176.168 Thread 0x0000015ffabd2ed0 Exception <a 'sun/nio/fs/WindowsException'{0x000000008371dc68}> (0x000000008371dc68) 
thrown [./open/src/hotspot/share/prims/jni.cpp, line 578]
Event: 176.175 Thread 0x0000015ffabd2ed0 Exception <a 'java/io/FileNotFoundException'{0x000000008375ddf0}> (0x000000008375ddf0) 
thrown [./open/src/hotspot/share/prims/jni.cpp, line 578]
Event: 176.193 Thread 0x0000015ffabd2ed0 Exception <a 'java/io/FileNotFoundException'{0x0000000083442aa0}> (0x0000000083442aa0) 
thrown [./open/src/hotspot/share/prims/jni.cpp, line 578]

Events (20 events):
Event: 310.128 Executing VM operation: ChangeSingleStep
Event: 310.128 Executing VM operation: ChangeSingleStep done
Event: 310.129 Executing VM operation: GetFrameLocation
Event: 310.129 Executing VM operation: GetFrameLocation done
Event: 310.129 Executing VM operation: get/set locals
Event: 310.129 Executing VM operation: get/set locals done
Event: 310.130 Executing VM operation: ChangeSingleStep
Event: 310.130 Executing VM operation: ChangeSingleStep done
Event: 310.130 Executing VM operation: GetFrameCount
Event: 310.130 Executing VM operation: GetFrameCount done
Event: 310.134 Executing VM operation: GetFrameCount
Event: 310.134 Executing VM operation: GetFrameCount done
Event: 310.134 Executing VM operation: GetStackTrace
Event: 310.134 Executing VM operation: GetStackTrace done
Event: 310.135 Executing VM operation: GetFrameCount
Event: 310.135 Executing VM operation: GetFrameCount done
Event: 310.136 Executing VM operation: GetFrameCount
Event: 310.136 Executing VM operation: GetFrameCount done
Event: 310.305 Executing VM operation: GetFrameLocation
Event: 310.305 Executing VM operation: GetFrameLocation done


Dynamic libraries:
0x00007ff696bc0000 - 0x00007ff696bcd000 	C:\Users\TOM\Desktop\sts-4.10.0.RELEASE\plugins\org.eclipse.justj.openjdk.hotspot.jre.full.win32.x86_64_15.0.2.v20210201-0955\jre\bin\javaw.exe
0x00007ffbe01b0000 - 0x00007ffbe03a5000 	C:\WINDOWS\SYSTEM32\ntdll.dll
0x00007ffbdea40000 - 0x00007ffbdeafe000 	C:\WINDOWS\System32\KERNEL32.DLL
0x00007ffbdddf0000 - 0x00007ffbde0b9000 	C:\WINDOWS\System32\KERNELBASE.dll
0x00007ffbddb00000 - 0x00007ffbddc00000 	C:\WINDOWS\System32\ucrtbase.dll
0x00007ffbcef00000 - 0x00007ffbcef18000 	C:\Users\TOM\Desktop\sts-4.10.0.RELEASE\plugins\org.eclipse.justj.openjdk.hotspot.jre.full.win32.x86_64_15.0.2.v20210201-0955\jre\bin\jli.dll
0x00007ffbdf1a0000 - 0x00007ffbdf341000 	C:\WINDOWS\System32\USER32.dll
0x00007ffbdda80000 - 0x00007ffbddaa2000 	C:\WINDOWS\System32\win32u.dll
0x00007ffbdec40000 - 0x00007ffbdec6b000 	C:\WINDOWS\System32\GDI32.dll
0x00007ffbde0c0000 - 0x00007ffbde1cb000 	C:\WINDOWS\System32\gdi32full.dll
0x00007ffbdd8d0000 - 0x00007ffbdd96d000 	C:\WINDOWS\System32\msvcp_win.dll
0x00007ffbd9360000 - 0x00007ffbd9379000 	C:\Users\TOM\Desktop\sts-4.10.0.RELEASE\plugins\org.eclipse.justj.openjdk.hotspot.jre.full.win32.x86_64_15.0.2.v20210201-0955\jre\bin\VCRUNTIME140.dll
0x00007ffbd1e30000 - 0x00007ffbd20ca000 	C:\WINDOWS\WinSxS\amd64_microsoft.windows.common-controls_6595b64144ccf1df_6.0.19041.1110_none_60b5254171f9507e\COMCTL32.dll
0x00007ffbdec70000 - 0x00007ffbded0e000 	C:\WINDOWS\System32\msvcrt.dll
0x00007ffbdf490000 - 0x00007ffbdf4c0000 	C:\WINDOWS\System32\IMM32.DLL
0x00007ffbd9350000 - 0x00007ffbd935c000 	C:\Users\TOM\Desktop\sts-4.10.0.RELEASE\plugins\org.eclipse.justj.openjdk.hotspot.jre.full.win32.x86_64_15.0.2.v20210201-0955\jre\bin\vcruntime140_1.dll
0x00007ffbd1d20000 - 0x00007ffbd1db1000 	C:\Users\TOM\Desktop\sts-4.10.0.RELEASE\plugins\org.eclipse.justj.openjdk.hotspot.jre.full.win32.x86_64_15.0.2.v20210201-0955\jre\bin\msvcp140.dll
0x00007ffbb0b20000 - 0x00007ffbb167e000 	C:\Users\TOM\Desktop\sts-4.10.0.RELEASE\plugins\org.eclipse.justj.openjdk.hotspot.jre.full.win32.x86_64_15.0.2.v20210201-0955\jre\bin\server\jvm.dll
0x00007ffbdf4c0000 - 0x00007ffbdf56c000 	C:\WINDOWS\System32\ADVAPI32.dll
0x00007ffbdf010000 - 0x00007ffbdf0ab000 	C:\WINDOWS\System32\sechost.dll
0x00007ffbdeb00000 - 0x00007ffbdec2a000 	C:\WINDOWS\System32\RPCRT4.dll
0x00007ffbdec30000 - 0x00007ffbdec38000 	C:\WINDOWS\System32\PSAPI.DLL
0x00007ffbcec00000 - 0x00007ffbcec09000 	C:\WINDOWS\SYSTEM32\WSOCK32.dll
0x00007ffbdf110000 - 0x00007ffbdf17b000 	C:\WINDOWS\System32\WS2_32.dll
0x00007ffbd7aa0000 - 0x00007ffbd7aaa000 	C:\WINDOWS\SYSTEM32\VERSION.dll
0x00007ffbcf6e0000 - 0x00007ffbcf707000 	C:\WINDOWS\SYSTEM32\WINMM.dll
0x00007ffbdb7f0000 - 0x00007ffbdb802000 	C:\WINDOWS\SYSTEM32\kernel.appcore.dll
0x00007ffbd8e10000 - 0x00007ffbd8e1a000 	C:\Users\TOM\Desktop\sts-4.10.0.RELEASE\plugins\org.eclipse.justj.openjdk.hotspot.jre.full.win32.x86_64_15.0.2.v20210201-0955\jre\bin\jimage.dll
0x00007ffbd0410000 - 0x00007ffbd05f4000 	C:\WINDOWS\SYSTEM32\DBGHELP.DLL
0x00007ffbd03e0000 - 0x00007ffbd040c000 	C:\WINDOWS\SYSTEM32\dbgcore.DLL
0x00007ffbddc00000 - 0x00007ffbddc83000 	C:\WINDOWS\System32\bcryptPrimitives.dll
0x00007ffbcab30000 - 0x00007ffbcab69000 	C:\Users\TOM\Desktop\sts-4.10.0.RELEASE\plugins\org.eclipse.justj.openjdk.hotspot.jre.full.win32.x86_64_15.0.2.v20210201-0955\jre\bin\jdwp.dll
0x00007ffbcf240000 - 0x00007ffbcf24e000 	C:\Users\TOM\Desktop\sts-4.10.0.RELEASE\plugins\org.eclipse.justj.openjdk.hotspot.jre.full.win32.x86_64_15.0.2.v20210201-0955\jre\bin\instrument.dll
0x00007ffbcd960000 - 0x00007ffbcd985000 	C:\Users\TOM\Desktop\sts-4.10.0.RELEASE\plugins\org.eclipse.justj.openjdk.hotspot.jre.full.win32.x86_64_15.0.2.v20210201-0955\jre\bin\java.dll
0x00007ffbcec40000 - 0x00007ffbcec58000 	C:\Users\TOM\Desktop\sts-4.10.0.RELEASE\plugins\org.eclipse.justj.openjdk.hotspot.jre.full.win32.x86_64_15.0.2.v20210201-0955\jre\bin\zip.dll
0x00007ffbdf980000 - 0x00007ffbe00bf000 	C:\WINDOWS\System32\SHELL32.dll
0x00007ffbdb9f0000 - 0x00007ffbdc180000 	C:\WINDOWS\SYSTEM32\windows.storage.dll
0x00007ffbde6e0000 - 0x00007ffbdea35000 	C:\WINDOWS\System32\combase.dll
0x00007ffbdd250000 - 0x00007ffbdd27c000 	C:\WINDOWS\SYSTEM32\Wldp.dll
0x00007ffbe00c0000 - 0x00007ffbe016d000 	C:\WINDOWS\System32\SHCORE.dll
0x00007ffbdf350000 - 0x00007ffbdf3a5000 	C:\WINDOWS\System32\shlwapi.dll
0x00007ffbdd810000 - 0x00007ffbdd82f000 	C:\WINDOWS\SYSTEM32\profapi.dll
0x00007ffbd1df0000 - 0x00007ffbd1dfb000 	C:\Users\TOM\Desktop\sts-4.10.0.RELEASE\plugins\org.eclipse.justj.openjdk.hotspot.jre.full.win32.x86_64_15.0.2.v20210201-0955\jre\bin\dt_socket.dll
0x00007ffbdcca0000 - 0x00007ffbdccdb000 	C:\WINDOWS\SYSTEM32\IPHLPAPI.DLL
0x00007ffbdcfb0000 - 0x00007ffbdd01a000 	C:\WINDOWS\System32\mswsock.dll
0x00007ffbdcce0000 - 0x00007ffbdcdac000 	C:\WINDOWS\SYSTEM32\DNSAPI.dll
0x00007ffbdf970000 - 0x00007ffbdf978000 	C:\WINDOWS\System32\NSI.dll
0x00007ffbd5790000 - 0x00007ffbd580f000 	C:\WINDOWS\System32\fwpuclnt.dll
0x00007ffbde1d0000 - 0x00007ffbde1f7000 	C:\WINDOWS\System32\bcrypt.dll
0x00007ffbd19a0000 - 0x00007ffbd19aa000 	C:\Windows\System32\rasadhlp.dll
0x00007ffbcd6f0000 - 0x00007ffbcd709000 	C:\Users\TOM\Desktop\sts-4.10.0.RELEASE\plugins\org.eclipse.justj.openjdk.hotspot.jre.full.win32.x86_64_15.0.2.v20210201-0955\jre\bin\net.dll
0x00007ffbd4f30000 - 0x00007ffbd5038000 	C:\WINDOWS\SYSTEM32\WINHTTP.dll
0x00007ffbccf10000 - 0x00007ffbccf22000 	C:\Users\TOM\Desktop\sts-4.10.0.RELEASE\plugins\org.eclipse.justj.openjdk.hotspot.jre.full.win32.x86_64_15.0.2.v20210201-0955\jre\bin\nio.dll
0x00007ffbd9340000 - 0x00007ffbd9349000 	C:\Users\TOM\Desktop\sts-4.10.0.RELEASE\plugins\org.eclipse.justj.openjdk.hotspot.jre.full.win32.x86_64_15.0.2.v20210201-0955\jre\bin\management.dll
0x00007ffbd9330000 - 0x00007ffbd933b000 	C:\Users\TOM\Desktop\sts-4.10.0.RELEASE\plugins\org.eclipse.justj.openjdk.hotspot.jre.full.win32.x86_64_15.0.2.v20210201-0955\jre\bin\management_ext.dll
0x00007ffbd33c0000 - 0x00007ffbd33d7000 	C:\WINDOWS\system32\napinsp.dll
0x00007ffbd33a0000 - 0x00007ffbd33bb000 	C:\WINDOWS\system32\pnrpnsp.dll
0x00007ffbd3380000 - 0x00007ffbd3395000 	C:\WINDOWS\system32\wshbth.dll
0x00007ffbd92c0000 - 0x00007ffbd92dd000 	C:\WINDOWS\system32\NLAapi.dll
0x00007ffbd3360000 - 0x00007ffbd3372000 	C:\WINDOWS\System32\winrnr.dll
0x00007ffbdd1a0000 - 0x00007ffbdd1b8000 	C:\WINDOWS\SYSTEM32\CRYPTSP.dll
0x00007ffbdc930000 - 0x00007ffbdc964000 	C:\WINDOWS\system32\rsaenh.dll
0x00007ffbdd790000 - 0x00007ffbdd7be000 	C:\WINDOWS\SYSTEM32\USERENV.dll
0x00007ffbdd1c0000 - 0x00007ffbdd1cc000 	C:\WINDOWS\SYSTEM32\CRYPTBASE.dll
0x00007ffbd6ec0000 - 0x00007ffbd6ed7000 	C:\WINDOWS\SYSTEM32\dhcpcsvc6.DLL
0x00007ffbd6ea0000 - 0x00007ffbd6ebd000 	C:\WINDOWS\SYSTEM32\dhcpcsvc.DLL
0x00007ffbcf230000 - 0x00007ffbcf240000 	C:\Users\TOM\Desktop\sts-4.10.0.RELEASE\plugins\org.eclipse.justj.openjdk.hotspot.jre.full.win32.x86_64_15.0.2.v20210201-0955\jre\bin\verify.dll

dbghelp: loaded successfully - version: 4.0.5 - missing functions: none
symbol engine: initialized successfully - sym options: 0x614 - pdb path: .;C:\Users\TOM\Desktop\sts-4.10.0.RELEASE\plugins\org.eclipse.justj.openjdk.hotspot.jre.full.win32.x86_64_15.0.2.v20210201-0955\jre\bin;C:\WINDOWS\SYSTEM32;C:\WINDOWS\WinSxS\amd64_microsoft.windows.common-controls_6595b64144ccf1df_6.0.19041.1110_none_60b5254171f9507e;C:\Users\TOM\Desktop\sts-4.10.0.RELEASE\plugins\org.eclipse.justj.openjdk.hotspot.jre.full.win32.x86_64_15.0.2.v20210201-0955\jre\bin\server

VM Arguments:
jvm_args: -Djava.net.preferIPv4Stack=true -XX:+ShowCodeDetailsInExceptionMessages -agentlib:jdwp=transport=dt_socket,suspend=y,address=localhost:53735 -Dcom.sun.management.jmxremote -Dcom.sun.management.jmxremote.port=53733 -Dcom.sun.management.jmxremote.authenticate=false -Dcom.sun.management.jmxremote.ssl=false -Djava.rmi.server.hostname=localhost -Dspring.jmx.enabled=true -Dspring.application.admin.enabled=true -XX:TieredStopAtLevel=1 -Dspring.boot.project.name=Board -javaagent:C:\Users\TOM\Desktop\sts-4.10.0.RELEASE\configuration\org.eclipse.osgi\254\0\.cp\lib\javaagent-shaded.jar -Dfile.encoding=UTF-8 
java_command: com.board.BoardApplication --spring.output.ansi.enabled=always
java_class_path (initial): D:\workspace\Test_Restapi\TestBoard\Board\bin\main;C:\Users\TOM\.gradle\caches\modules-2\files-2.1\org.springframework.boot\spring-boot-configuration-processor\2.5.6\7f643c0b70ca7db84da10c654b3ba54d71cf88e3\spring-boot-configuration-processor-2.5.6.jar;C:\Users\TOM\.gradle\caches\modules-2\files-2.1\org.projectlombok\lombok\1.18.22\9c08ea24c6eb714e2d6170e8122c069a0ba9aacf\lombok-1.18.22.jar;C:\Users\TOM\.gradle\caches\modules-2\files-2.1\org.springframework.boot\spring-boot-starter-data-jpa\2.5.6\8d7fe99c33e09390316749614d9795d80b49207b\spring-boot-starter-data-jpa-2.5.6.jar;C:\Users\TOM\.gradle\caches\modules-2\files-2.1\org.springframework.boot\spring-boot-starter-thymeleaf\2.5.6\fdee98af8d6b6dd5e47e2726e55d82d88ddc69a8\spring-boot-starter-thymeleaf-2.5.6.jar;C:\Users\TOM\.gradle\caches\modules-2\files-2.1\nz.net.ultraq.thymeleaf\thymeleaf-layout-dialect\2.5.3\14cea70b86724161380f2eb7498ab0185cd0d482\thymeleaf-layout-dialect-2.5.3.jar;C:\Users\TOM\.gradle\caches\modules-2\files-2.1\org.springframework.boot\spring-boot-starter-web\2.5.6\46b479490170914f7477b96a21241183b181c24d\spring-boot-starter-web-2.5.6.jar;C:\Users\TOM\.gradle\caches\modules-2\files-2.1\org.mybatis.spring.boot\mybatis-spring-boot-starter\2.2.0\1543d9566e2acaa7230cd8996237a291603ac21f\mybatis-spring-boot-starter-2.2.0.jar;C:\Users\TOM\.gradle\caches\modules-2\files-2.1\org.bgee.log4jdbc-log4j2\log4jdbc-log4j2-jdbc4.1\1.16\ce7cd831b2e3e5d428e659a6fdae0fb6b89f3cc7\log4jdbc-log4j2-jdbc4.1-1.16.jar;C:\Users\TOM\.gradle\caches\modules-2\files-2.1\org.springframework.boot\spring-boot-starter-aop\2.5.6\c5db1260ecf447f55419f1a17da75a42f211aca3\spring-boot-starter-aop-2.5.6.jar;C:\Users\TOM\.gradle\caches\modules-2\files-2.1\org.springframework.boot\spring-boot-starter-jdbc\2.5.6\cf01e787378c2d30b695f0c9f76fb48a6b490984\spring-boot-starter-jdbc-2.5.6.jar;C:\Users\TOM\.gradle\caches\modules-2\files-2.1\jakarta.transaction\jakarta.transaction-api\1.3.3\c4179d48720a1e87202115fbe
Launcher Type: SUN_STANDARD

[Global flags]
     intx CICompilerCount                          = 3                                         {product} {ergonomic}
     uint ConcGCThreads                            = 1                                         {product} {ergonomic}
     uint G1ConcRefinementThreads                  = 4                                         {product} {ergonomic}
   size_t G1HeapRegionSize                         = 1048576                                   {product} {ergonomic}
    uintx GCDrainStackTargetSize                   = 64                                        {product} {ergonomic}
   size_t InitialHeapSize                          = 134217728                                 {product} {ergonomic}
     bool ManagementServer                         = true                                      {product} {command line}
   size_t MarkStackSize                            = 4194304                                   {product} {ergonomic}
   size_t MaxHeapSize                              = 2147483648                                {product} {ergonomic}
   size_t MaxNewSize                               = 1287651328                                {product} {ergonomic}
   size_t MinHeapDeltaBytes                        = 1048576                                   {product} {ergonomic}
   size_t MinHeapSize                              = 8388608                                   {product} {ergonomic}
    uintx NonNMethodCodeHeapSize                   = 6973028                                {pd product} {ergonomic}
    uintx NonProfiledCodeHeapSize                  = 244685212                              {pd product} {ergonomic}
    uintx ProfiledCodeHeapSize                     = 0                                      {pd product} {ergonomic}
    uintx ReservedCodeCacheSize                    = 251658240                              {pd product} {ergonomic}
     bool SegmentedCodeCache                       = true                                      {product} {ergonomic}
     bool ShowCodeDetailsInExceptionMessages       = true                                   {manageable} {command line}
   size_t SoftMaxHeapSize                          = 2147483648                             {manageable} {ergonomic}
     intx TieredStopAtLevel                        = 1                                         {product} {command line}
     bool UseCompressedClassPointers               = true                                 {lp64_product} {ergonomic}
     bool UseCompressedOops                        = true                                 {lp64_product} {ergonomic}
     bool UseG1GC                                  = true                                      {product} {ergonomic}
     bool UseLargePagesIndividualAllocation        = false                                  {pd product} {ergonomic}

Logging:
Log output configuration:
 #0: stdout all=warning uptime,level,tags
 #1: stderr all=off uptime,level,tags

Environment Variables:
JAVA_HOME=C:\Program Files\Java\jdk1.8.0_281\bin
JAVA_TOOL_OPTIONS=-Djava.net.preferIPv4Stack=true
PATH=C:\Users\TOM\Desktop\sts-4.10.0.RELEASE\plugins\org.eclipse.justj.openjdk.hotspot.jre.full.win32.x86_64_15.0.2.v20210201-0955\jre\bin;C:/Users/TOM/Desktop/sts-4.10.0.RELEASE//plugins/org.eclipse.justj.openjdk.hotspot.jre.full.win32.x86_64_15.0.2.v20210201-0955/jre/bin/server;C:/Users/TOM/Desktop/sts-4.10.0.RELEASE//plugins/org.eclipse.justj.openjdk.hotspot.jre.full.win32.x86_64_15.0.2.v20210201-0955/jre/bin;C:\Program Files (x86)\Common Files\Oracle\Java\javapath;C:\WINDOWS\system32;C:\WINDOWS;C:\WINDOWS\System32\Wbem;C:\WINDOWS\System32\WindowsPowerShell\v1.0\;C:\WINDOWS\System32\OpenSSH\;C:\Program Files (x86)\Microsoft SQL Server\150\DTS\Binn\;C:\Program Files\Azure Data Studio\bin;C:\Program Files\Microsoft SQL Server\Client SDK\ODBC\170\Tools\Binn\;C:\Program Files (x86)\Microsoft SQL Server\150\Tools\Binn\;C:\Program Files\Microsoft SQL Server\150\Tools\Binn\;C:\Program Files\Microsoft SQL Server\150\DTS\Binn\;C:\Program Files\MySQL\MySQL Server 8.0\bin;C:\Program Files\nodejs\;C:\Program Files\Git\cmd;C:\Program Files\MySQL\MySQL Shell 8.0\bin\;C:\Users\TOM\AppData\Local\Microsoft\WindowsApps;C:\Program Files\Java\jdk1.8.0_281\bin;C:\Program Files\Azure Data Studio\bin;C:\Users\TOM\AppData\Local\Programs\Microsoft VS Code\bin;C:\Program Files\Bandizip\;C:\Users\TOM\Desktop\apache-maven-3.6.3\bin;C:\Users\TOM\AppData\Roaming\npm;C:\Users\TOM\Desktop\sts-4.10.0.RELEASE;
USERNAME=TOM
OS=Windows_NT
PROCESSOR_IDENTIFIER=Intel64 Family 6 Model 165 Stepping 5, GenuineIntel



---------------  S Y S T E M  ---------------

OS:
 Windows 10 , 64 bit Build 19041 (10.0.19041.1202)
OS uptime: 0 days 7:53 hours

CPU: total 4 (initial active 4) (4 cores per cpu, 1 threads per core) family 6 model 165 stepping 5 microcode 0x0, cmov, cx8, fxsr, mmx, sse, sse2, sse3, ssse3, sse4.1, sse4.2, popcnt, vzeroupper, avx, avx2, aes, clmul, 3dnowpref, lzcnt, tsc, tscinvbit, clflush, clflushopt

Memory: 4k page, system-wide physical 8191M (3778M free)
TotalPageFile size 10623M (AvailPageFile size 4943M)
current process WorkingSet (physical memory assigned to process): 246M, peak: 262M
current process commit charge ("private bytes"): 273M, peak: 297M

vm_info: OpenJDK 64-Bit Server VM (15.0.2+7-27) for windows-amd64 JRE (15.0.2+7-27), built on Dec  7 2020 20:02:38 by "mach5one" with unknown MS VC++:1925

END.
